<?xml version="1.0" encoding="UTF-8"?>
<!-- Generated by org.testng.reporters.JUnitXMLReporter -->
<testsuite ignored="1" hostname="DESKTOP-RUFELGS" failures="0" tests="2" name="Group" time="0.066" errors="0" timestamp="2020-02-12T16:52:12 EST">
  <testcase classname="All_Practicals.Group_Keyword" name="VerifyStep_1" time="0.014"/>
  <testcase classname="All_Practicals.Group_Keyword" name="VerifyStep_3" time="0.009"/>
  <testcase classname="All_Practicals.Group_Keyword" name="VerifyStep_2" time="0.0">
    <ignored/>
  </testcase> <!-- VerifyStep_2 -->
</testsuite> <!-- Group -->
