<?xml version="1.0" encoding="UTF-8"?>
<!-- Generated by org.testng.reporters.JUnitXMLReporter -->
<testsuite ignored="1" hostname="DESKTOP-RUFELGS" failures="0" tests="3" name="Test" time="0.096" errors="0" timestamp="2020-02-21T11:28:03 EST">
  <testcase classname="All_Practicals.Annotation_Explaination" name="VerifyStep_3" time="0.01"/>
  <testcase classname="All_Practicals.Annotation_Explaination" name="VerifyStep_1" time="0.003"/>
  <testcase classname="All_Practicals.Annotation_Explaination" name="VerifyStep_4" time="0.004"/>
  <testcase classname="All_Practicals.Annotation_Explaination" name="VerifyStep_2" time="0.0">
    <ignored/>
  </testcase> <!-- VerifyStep_2 -->
</testsuite> <!-- Test -->
